<?xml version="1.0" encoding="UTF-8"?>
<testsuite name="com.example.demo.service.TaskServiceTest" tests="4" skipped="0" failures="0" errors="0" timestamp="2021-05-18T05:24:23" hostname="radek-Macbook.local" time="0.139">
  <properties/>
  <testcase name="switchDigits_True_PositiveDecimal()" classname="com.example.demo.service.TaskServiceTest" time="0.039"/>
  <testcase name="reverseDigits_True_PositiveDecimal()" classname="com.example.demo.service.TaskServiceTest" time="0.012"/>
  <testcase name="sortDescending_True_PositiveDecimal()" classname="com.example.demo.service.TaskServiceTest" time="0.042"/>
  <testcase name="toBinary_True_PositiveDecimal()" classname="com.example.demo.service.TaskServiceTest" time="0.034"/>
  <system-out><![CDATA[2021-05-18 07:24:20.586  INFO 943 --- [    Test worker] .b.t.c.SpringBootTestContextBootstrapper : Neither @ContextConfiguration nor @ContextHierarchy found for test class [com.example.demo.service.TaskServiceTest], using SpringBootContextLoader
2021-05-18 07:24:20.587  INFO 943 --- [    Test worker] o.s.t.c.support.AbstractContextLoader    : Could not detect default resource locations for test class [com.example.demo.service.TaskServiceTest]: no resource found for suffixes {-context.xml, Context.groovy}.
2021-05-18 07:24:20.587  INFO 943 --- [    Test worker] t.c.s.AnnotationConfigContextLoaderUtils : Could not detect default configuration classes for test class [com.example.demo.service.TaskServiceTest]: TaskServiceTest does not declare any static, non-private, non-final, nested classes annotated with @Configuration.
2021-05-18 07:24:20.595  INFO 943 --- [    Test worker] .b.t.c.SpringBootTestContextBootstrapper : Found @SpringBootConfiguration com.example.demo.DemoApplication for test class com.example.demo.service.TaskServiceTest
2021-05-18 07:24:20.597  INFO 943 --- [    Test worker] .b.t.c.SpringBootTestContextBootstrapper : Loaded default TestExecutionListener class names from location [META-INF/spring.factories]: [org.springframework.boot.test.autoconfigure.restdocs.RestDocsTestExecutionListener, org.springframework.boot.test.autoconfigure.web.client.MockRestServiceServerResetTestExecutionListener, org.springframework.boot.test.autoconfigure.web.servlet.MockMvcPrintOnlyOnFailureTestExecutionListener, org.springframework.boot.test.autoconfigure.web.servlet.WebDriverTestExecutionListener, org.springframework.boot.test.autoconfigure.webservices.client.MockWebServiceServerTestExecutionListener, org.springframework.boot.test.mock.mockito.MockitoTestExecutionListener, org.springframework.boot.test.mock.mockito.ResetMocksTestExecutionListener, org.springframework.test.context.web.ServletTestExecutionListener, org.springframework.test.context.support.DirtiesContextBeforeModesTestExecutionListener, org.springframework.test.context.event.ApplicationEventsTestExecutionListener, org.springframework.test.context.support.DependencyInjectionTestExecutionListener, org.springframework.test.context.support.DirtiesContextTestExecutionListener, org.springframework.test.context.transaction.TransactionalTestExecutionListener, org.springframework.test.context.jdbc.SqlScriptsTestExecutionListener, org.springframework.test.context.event.EventPublishingTestExecutionListener]
2021-05-18 07:24:20.598  INFO 943 --- [    Test worker] .b.t.c.SpringBootTestContextBootstrapper : Using TestExecutionListeners: [org.springframework.test.context.web.ServletTestExecutionListener@1e26e1c9, org.springframework.test.context.support.DirtiesContextBeforeModesTestExecutionListener@2745f58d, org.springframework.test.context.event.ApplicationEventsTestExecutionListener@261a6aba, org.springframework.boot.test.mock.mockito.MockitoTestExecutionListener@61d69329, org.springframework.boot.test.autoconfigure.SpringBootDependencyInjectionTestExecutionListener@48571e73, org.springframework.test.context.support.DirtiesContextTestExecutionListener@40367369, org.springframework.test.context.transaction.TransactionalTestExecutionListener@358c8e6f, org.springframework.test.context.jdbc.SqlScriptsTestExecutionListener@60160c2c, org.springframework.test.context.event.EventPublishingTestExecutionListener@10c222db, org.springframework.boot.test.autoconfigure.restdocs.RestDocsTestExecutionListener@639cb691, org.springframework.boot.test.autoconfigure.web.client.MockRestServiceServerResetTestExecutionListener@32b2a37b, org.springframework.boot.test.autoconfigure.web.servlet.MockMvcPrintOnlyOnFailureTestExecutionListener@6215be6d, org.springframework.boot.test.autoconfigure.web.servlet.WebDriverTestExecutionListener@63c08c0e, org.springframework.boot.test.autoconfigure.webservices.client.MockWebServiceServerTestExecutionListener@65ee86d9, org.springframework.boot.test.mock.mockito.ResetMocksTestExecutionListener@42e04864]

  .   ____          _            __ _ _
 /\\ / ___'_ __ _ _(_)_ __  __ _ \ \ \ \
( ( )\___ | '_ | '_| | '_ \/ _` | \ \ \ \
 \\/  ___)| |_)| | | | | || (_| |  ) ) ) )
  '  |____| .__|_| |_|_| |_\__, | / / / /
 =========|_|==============|___/=/_/_/_/
 :: Spring Boot ::                (v2.4.5)

2021-05-18 07:24:20.639  WARN 943 --- [    Test worker] ory$DuplicateJsonObjectContextCustomizer : 

Found multiple occurrences of org.json.JSONObject on the class path:

	jar:file:/Users/Radek/.gradle/caches/modules-2/files-2.1/org.json/json/20210307/528c8df3757e8bcf151817b1d7b9b434f6aa08d5/json-20210307.jar!/org/json/JSONObject.class
	jar:file:/Users/Radek/.gradle/caches/modules-2/files-2.1/com.vaadin.external.google/android-json/0.0.20131108.vaadin1/fa26d351fe62a6a17f5cda1287c1c6110dec413f/android-json-0.0.20131108.vaadin1.jar!/org/json/JSONObject.class

You may wish to exclude one of them to ensure predictable runtime behavior

2021-05-18 07:24:20.642  INFO 943 --- [    Test worker] c.example.demo.service.TaskServiceTest   : Starting TaskServiceTest using Java 11.0.11 on radek-Macbook.local with PID 943 (started by Radek in /Users/Radek/Desktop/demo)
2021-05-18 07:24:20.644  INFO 943 --- [    Test worker] c.example.demo.service.TaskServiceTest   : No active profile set, falling back to default profiles: default
2021-05-18 07:24:21.296  INFO 943 --- [    Test worker] .s.d.r.c.RepositoryConfigurationDelegate : Bootstrapping Spring Data JPA repositories in DEFAULT mode.
2021-05-18 07:24:21.306  INFO 943 --- [    Test worker] .s.d.r.c.RepositoryConfigurationDelegate : Finished Spring Data repository scanning in 9 ms. Found 1 JPA repository interfaces.
2021-05-18 07:24:21.566  INFO 943 --- [    Test worker] com.zaxxer.hikari.HikariDataSource       : HikariPool-2 - Starting...
2021-05-18 07:24:21.568  INFO 943 --- [    Test worker] com.zaxxer.hikari.HikariDataSource       : HikariPool-2 - Start completed.
2021-05-18 07:24:21.643  INFO 943 --- [    Test worker] o.hibernate.jpa.internal.util.LogHelper  : HHH000204: Processing PersistenceUnitInfo [name: default]
2021-05-18 07:24:21.668  INFO 943 --- [    Test worker] org.hibernate.dialect.Dialect            : HHH000400: Using dialect: org.hibernate.dialect.H2Dialect
2021-05-18 07:24:21.708  INFO 943 --- [    Test worker] o.h.e.t.j.p.i.JtaPlatformInitiator       : HHH000490: Using JtaPlatform implementation: [org.hibernate.engine.transaction.jta.platform.internal.NoJtaPlatform]
2021-05-18 07:24:21.708  INFO 943 --- [    Test worker] j.LocalContainerEntityManagerFactoryBean : Initialized JPA EntityManagerFactory for persistence unit 'default'
2021-05-18 07:24:22.170  WARN 943 --- [    Test worker] JpaBaseConfiguration$JpaWebConfiguration : spring.jpa.open-in-view is enabled by default. Therefore, database queries may be performed during view rendering. Explicitly configure spring.jpa.open-in-view to disable this warning
2021-05-18 07:24:22.576  INFO 943 --- [    Test worker] pertySourcedRequestMappingHandlerMapping : Mapped URL path [/v2/api-docs] onto method [springfox.documentation.swagger2.web.Swagger2Controller#getDocumentation(String, HttpServletRequest)]
2021-05-18 07:24:22.849  INFO 943 --- [    Test worker] o.s.s.concurrent.ThreadPoolTaskExecutor  : Initializing ExecutorService 'applicationTaskExecutor'
2021-05-18 07:24:23.405  INFO 943 --- [    Test worker] d.s.w.p.DocumentationPluginsBootstrapper : Context refreshed
2021-05-18 07:24:23.406  INFO 943 --- [    Test worker] d.s.w.p.DocumentationPluginsBootstrapper : Found 1 custom documentation plugin(s)
2021-05-18 07:24:23.442  INFO 943 --- [    Test worker] s.d.s.w.s.ApiListingReferenceScanner     : Scanning for api listing references
2021-05-18 07:24:23.703  INFO 943 --- [    Test worker] c.example.demo.service.TaskServiceTest   : Started TaskServiceTest in 3.099 seconds (JVM running for 16.277)
Hibernate: insert into task (id, input, method, output) values (null, ?, ?, ?)
Hibernate: insert into task (id, input, method, output) values (null, ?, ?, ?)
Hibernate: insert into task (id, input, method, output) values (null, ?, ?, ?)
Hibernate: insert into task (id, input, method, output) values (null, ?, ?, ?)
]]></system-out>
  <system-err><![CDATA[]]></system-err>
</testsuite>
